# JRE version: OpenJDK Runtime Environment (11.0.11+9) (build 11.0.11+9-Ubuntu-0ubuntu2.20.04)
# Java VM: OpenJDK 64-Bit Server VM (11.0.11+9-Ubuntu-0ubuntu2.20.04, mixed mode, sharing, tiered, compressed oops, serial gc, linux-amd64)
Heap:
 def new generation   total 40000K, used 40000K [0x000000077e000000, 0x0000000780b60000, 0x00000007a9550000)
  eden space 35584K, 100% used [0x000000077e000000, 0x00000007802c0000, 0x00000007802c0000)
  from space 4416K, 100% used [0x00000007802c0000, 0x0000000780710000, 0x0000000780710000)
  to   space 4416K,   0% used [0x0000000780710000, 0x0000000780719da8, 0x0000000780b60000)
 tenured generation   total 88768K, used 25929K [0x00000007a9550000, 0x00000007aec00000, 0x0000000800000000)
   the space 88768K,  29% used [0x00000007a9550000, 0x00000007aaea2410, 0x00000007aaea2600, 0x00000007aec00000)
 Metaspace       used 26898K, capacity 27658K, committed 27904K, reserved 1073152K
  class space    used 3015K, capacity 3276K, committed 3328K, reserved 1048576K
GC Heap History (19 events):
Event: 1.055 GC heap before
{Heap before GC invocations=0 (full 0):
 def new generation   total 39936K, used 35520K [0x000000077e000000, 0x0000000780b50000, 0x00000007a9550000)
  eden space 35520K, 100% used [0x000000077e000000, 0x00000007802b0000, 0x00000007802b0000)
  from space 4416K,   0% used [0x00000007802b0000, 0x00000007802b0000, 0x0000000780700000)
  to   space 4416K,   0% used [0x0000000780700000, 0x0000000780700000, 0x0000000780b50000)
 tenured generation   total 88768K, used 0K [0x00000007a9550000, 0x00000007aec00000, 0x0000000800000000)
   the space 88768K,   0% used [0x00000007a9550000, 0x00000007a9550000, 0x00000007a9550200, 0x00000007aec00000)
 Metaspace       used 6426K, capacity 8749K, committed 8960K, reserved 1056768K
  class space    used 746K, capacity 1023K, committed 1024K, reserved 1048576K
}
Event: 1.069 GC heap after
{Heap after GC invocations=1 (full 0):
 def new generation   total 39936K, used 3651K [0x000000077e000000, 0x0000000780b50000, 0x00000007a9550000)
  eden space 35520K,   0% used [0x000000077e000000, 0x000000077e000000, 0x00000007802b0000)
  from space 4416K,  82% used [0x0000000780700000, 0x0000000780a90d20, 0x0000000780b50000)
  to   space 4416K,   0% used [0x00000007802b0000, 0x00000007802b0000, 0x0000000780700000)
 tenured generation   total 88768K, used 0K [0x00000007a9550000, 0x00000007aec00000, 0x0000000800000000)
   the space 88768K,   0% used [0x00000007a9550000, 0x00000007a9550000, 0x00000007a9550200, 0x00000007aec00000)
 Metaspace       used 6426K, capacity 8749K, committed 8960K, reserved 1056768K
  class space    used 746K, capacity 1023K, committed 1024K, reserved 1048576K
}
Event: 1.961 GC heap before
{Heap before GC invocations=1 (full 0):
 def new generation   total 39936K, used 39171K [0x000000077e000000, 0x0000000780b50000, 0x00000007a9550000)
  eden space 35520K, 100% used [0x000000077e000000, 0x00000007802b0000, 0x00000007802b0000)
  from space 4416K,  82% used [0x0000000780700000, 0x0000000780a90d20, 0x0000000780b50000)
  to   space 4416K,   0% used [0x00000007802b0000, 0x00000007802b0000, 0x0000000780700000)
 tenured generation   total 88768K, used 0K [0x00000007a9550000, 0x00000007aec00000, 0x0000000800000000)
   the space 88768K,   0% used [0x00000007a9550000, 0x00000007a9550000, 0x00000007a9550200, 0x00000007aec00000)
 Metaspace       used 12683K, capacity 14418K, committed 14848K, reserved 1062912K
  class space    used 1499K, capacity 1725K, committed 1792K, reserved 1048576K
}
Event: 1.977 GC heap after
{Heap after GC invocations=2 (full 0):
 def new generation   total 39936K, used 2348K [0x000000077e000000, 0x0000000780b50000, 0x00000007a9550000)
  eden space 35520K,   0% used [0x000000077e000000, 0x000000077e000000, 0x00000007802b0000)
  from space 4416K,  53% used [0x00000007802b0000, 0x00000007804fb140, 0x0000000780700000)
  to   space 4416K,   0% used [0x0000000780700000, 0x0000000780700000, 0x0000000780b50000)
 tenured generation   total 88768K, used 3440K [0x00000007a9550000, 0x00000007aec00000, 0x0000000800000000)
   the space 88768K,   3% used [0x00000007a9550000, 0x00000007a98ac268, 0x00000007a98ac400, 0x00000007aec00000)
 Metaspace       used 12683K, capacity 14418K, committed 14848K, reserved 1062912K
  class space    used 1499K, capacity 1725K, committed 1792K, reserved 1048576K
}
Event: 2.573 GC heap before
{Heap before GC invocations=2 (full 0):
 def new generation   total 39936K, used 37868K [0x000000077e000000, 0x0000000780b50000, 0x00000007a9550000)
  eden space 35520K, 100% used [0x000000077e000000, 0x00000007802b0000, 0x00000007802b0000)
  from space 4416K,  53% used [0x00000007802b0000, 0x00000007804fb140, 0x0000000780700000)
  to   space 4416K,   0% used [0x0000000780700000, 0x0000000780700000, 0x0000000780b50000)
 tenured generation   total 88768K, used 3440K [0x00000007a9550000, 0x00000007aec00000, 0x0000000800000000)
   the space 88768K,   3% used [0x00000007a9550000, 0x00000007a98ac268, 0x00000007a98ac400, 0x00000007aec00000)
 Metaspace       used 13418K, capacity 14977K, committed 15360K, reserved 1062912K
  class space    used 1538K, capacity 1761K, committed 1792K, reserved 1048576K
}
Event: 2.581 GC heap after
{Heap after GC invocations=3 (full 0):
 def new generation   total 39936K, used 2534K [0x000000077e000000, 0x0000000780b50000, 0x00000007a9550000)
  eden space 35520K,   0% used [0x000000077e000000, 0x000000077e000000, 0x00000007802b0000)
  from space 4416K,  57% used [0x0000000780700000, 0x0000000780979a58, 0x0000000780b50000)
  to   space 4416K,   0% used [0x00000007802b0000, 0x00000007802b0000, 0x0000000780700000)
 tenured generation   total 88768K, used 5653K [0x00000007a9550000, 0x00000007aec00000, 0x0000000800000000)
   the space 88768K,   6% used [0x00000007a9550000, 0x00000007a9ad55d8, 0x00000007a9ad5600, 0x00000007aec00000)
 Metaspace       used 13418K, capacity 14977K, committed 15360K, reserved 1062912K
  class space    used 1538K, capacity 1761K, committed 1792K, reserved 1048576K
}
Event: 2.949 GC heap before
{Heap before GC invocations=3 (full 0):
 def new generation   total 39936K, used 38054K [0x000000077e000000, 0x0000000780b50000, 0x00000007a9550000)
  eden space 35520K, 100% used [0x000000077e000000, 0x00000007802b0000, 0x00000007802b0000)
  from space 4416K,  57% used [0x0000000780700000, 0x0000000780979a58, 0x0000000780b50000)
  to   space 4416K,   0% used [0x00000007802b0000, 0x00000007802b0000, 0x0000000780700000)
 tenured generation   total 88768K, used 5653K [0x00000007a9550000, 0x00000007aec00000, 0x0000000800000000)
   the space 88768K,   6% used [0x00000007a9550000, 0x00000007a9ad55d8, 0x00000007a9ad5600, 0x00000007aec00000)
 Metaspace       used 13861K, capacity 15364K, committed 15616K, reserved 1062912K
  class space    used 1539K, capacity 1762K, committed 1792K, reserved 1048576K
}
Event: 2.956 GC heap after
{Heap after GC invocations=4 (full 0):
 def new generation   total 39936K, used 1821K [0x000000077e000000, 0x0000000780b50000, 0x00000007a9550000)
  eden space 35520K,   0% used [0x000000077e000000, 0x000000077e000000, 0x00000007802b0000)
  from space 4416K,  41% used [0x00000007802b0000, 0x0000000780477588, 0x0000000780700000)
  to   space 4416K,   0% used [0x0000000780700000, 0x0000000780700000, 0x0000000780b50000)
 tenured generation   total 88768K, used 8132K [0x00000007a9550000, 0x00000007aec00000, 0x0000000800000000)
   the space 88768K,   9% used [0x00000007a9550000, 0x00000007a9d412a8, 0x00000007a9d41400, 0x00000007aec00000)
 Metaspace       used 13861K, capacity 15364K, committed 15616K, reserved 1062912K
  class space    used 1539K, capacity 1762K, committed 1792K, reserved 1048576K
}
Event: 3.402 GC heap before
{Heap before GC invocations=4 (full 0):
 def new generation   total 39936K, used 37341K [0x000000077e000000, 0x0000000780b50000, 0x00000007a9550000)
  eden space 35520K, 100% used [0x000000077e000000, 0x00000007802b0000, 0x00000007802b0000)
  from space 4416K,  41% used [0x00000007802b0000, 0x0000000780477588, 0x0000000780700000)
  to   space 4416K,   0% used [0x0000000780700000, 0x0000000780700000, 0x0000000780b50000)
 tenured generation   total 88768K, used 8132K [0x00000007a9550000, 0x00000007aec00000, 0x0000000800000000)
   the space 88768K,   9% used [0x00000007a9550000, 0x00000007a9d412a8, 0x00000007a9d41400, 0x00000007aec00000)
 Metaspace       used 16125K, capacity 17512K, committed 17792K, reserved 1064960K
  class space    used 1858K, capacity 2070K, committed 2176K, reserved 1048576K
}
Event: 3.406 GC heap after
{Heap after GC invocations=5 (full 0):
 def new generation   total 39936K, used 3821K [0x000000077e000000, 0x0000000780b50000, 0x00000007a9550000)
  eden space 35520K,   0% used [0x000000077e000000, 0x000000077e000000, 0x00000007802b0000)
  from space 4416K,  86% used [0x0000000780700000, 0x0000000780abb6d0, 0x0000000780b50000)
  to   space 4416K,   0% used [0x00000007802b0000, 0x00000007802b0000, 0x0000000780700000)
 tenured generation   total 88768K, used 8132K [0x00000007a9550000, 0x00000007aec00000, 0x0000000800000000)
   the space 88768K,   9% used [0x00000007a9550000, 0x00000007a9d412a8, 0x00000007a9d41400, 0x00000007aec00000)
 Metaspace       used 16125K, capacity 17512K, committed 17792K, reserved 1064960K
  class space    used 1858K, capacity 2070K, committed 2176K, reserved 1048576K
}
Event: 3.721 GC heap before
{Heap before GC invocations=5 (full 0):
 def new generation   total 39936K, used 39334K [0x000000077e000000, 0x0000000780b50000, 0x00000007a9550000)
  eden space 35520K,  99% used [0x000000077e000000, 0x00000007802ae418, 0x00000007802b0000)
  from space 4416K,  86% used [0x0000000780700000, 0x0000000780abb6d0, 0x0000000780b50000)
  to   space 4416K,   0% used [0x00000007802b0000, 0x00000007802b0000, 0x0000000780700000)
 tenured generation   total 88768K, used 8132K [0x00000007a9550000, 0x00000007aec00000, 0x0000000800000000)
   the space 88768K,   9% used [0x00000007a9550000, 0x00000007a9d412a8, 0x00000007a9d41400, 0x00000007aec00000)
 Metaspace       used 18306K, capacity 19587K, committed 19840K, reserved 1067008K
  class space    used 2104K, capacity 2362K, committed 2432K, reserved 1048576K
}
Event: 3.726 GC heap after
{Heap after GC invocations=6 (full 0):
 def new generation   total 39936K, used 3562K [0x000000077e000000, 0x0000000780b50000, 0x00000007a9550000)
  eden space 35520K,   0% used [0x000000077e000000, 0x000000077e000000, 0x00000007802b0000)
  from space 4416K,  80% used [0x00000007802b0000, 0x000000078062a818, 0x0000000780700000)
  to   space 4416K,   0% used [0x0000000780700000, 0x0000000780700000, 0x0000000780b50000)
 tenured generation   total 88768K, used 9882K [0x00000007a9550000, 0x00000007aec00000, 0x0000000800000000)
   the space 88768K,  11% used [0x00000007a9550000, 0x00000007a9ef6a08, 0x00000007a9ef6c00, 0x00000007aec00000)
 Metaspace       used 18306K, capacity 19587K, committed 19840K, reserved 1067008K
  class space    used 2104K, capacity 2362K, committed 2432K, reserved 1048576K
}
Event: 3.786 GC heap before
{Heap before GC invocations=6 (full 0):
 def new generation   total 39936K, used 7342K [0x000000077e000000, 0x0000000780b50000, 0x00000007a9550000)
  eden space 35520K,  10% used [0x000000077e000000, 0x000000077e3b1380, 0x00000007802b0000)
  from space 4416K,  80% used [0x00000007802b0000, 0x000000078062a818, 0x0000000780700000)
  to   space 4416K,   0% used [0x0000000780700000, 0x0000000780700000, 0x0000000780b50000)
 tenured generation   total 88768K, used 9882K [0x00000007a9550000, 0x00000007aec00000, 0x0000000800000000)
   the space 88768K,  11% used [0x00000007a9550000, 0x00000007a9ef6a08, 0x00000007a9ef6c00, 0x00000007aec00000)
 Metaspace       used 19801K, capacity 20899K, committed 21248K, reserved 1069056K
  class space    used 2322K, capacity 2546K, committed 2560K, reserved 1048576K
}
Event: 3.806 GC heap after
{Heap after GC invocations=7 (full 1):
 def new generation   total 40000K, used 0K [0x000000077e000000, 0x0000000780b60000, 0x00000007a9550000)
  eden space 35584K,   0% used [0x000000077e000000, 0x000000077e000000, 0x00000007802c0000)
  from space 4416K,   0% used [0x00000007802c0000, 0x00000007802c0000, 0x0000000780710000)
  to   space 4416K,   0% used [0x0000000780710000, 0x0000000780710000, 0x0000000780b60000)
 tenured generation   total 88768K, used 13554K [0x00000007a9550000, 0x00000007aec00000, 0x0000000800000000)
   the space 88768K,  15% used [0x00000007a9550000, 0x00000007aa28c9b8, 0x00000007aa28ca00, 0x00000007aec00000)
 Metaspace       used 19801K, capacity 20899K, committed 21248K, reserved 1069056K
  class space    used 2322K, capacity 2546K, committed 2560K, reserved 1048576K
}
Event: 4.454 GC heap before
{Heap before GC invocations=7 (full 1):
 def new generation   total 40000K, used 35584K [0x000000077e000000, 0x0000000780b60000, 0x00000007a9550000)
  eden space 35584K, 100% used [0x000000077e000000, 0x00000007802c0000, 0x00000007802c0000)
  from space 4416K,   0% used [0x00000007802c0000, 0x00000007802c0000, 0x0000000780710000)
  to   space 4416K,   0% used [0x0000000780710000, 0x0000000780710000, 0x0000000780b60000)
 tenured generation   total 88768K, used 13554K [0x00000007a9550000, 0x00000007aec00000, 0x0000000800000000)
   the space 88768K,  15% used [0x00000007a9550000, 0x00000007aa28c9b8, 0x00000007aa28ca00, 0x00000007aec00000)
 Metaspace       used 24214K, capacity 24811K, committed 25088K, reserved 1071104K
  class space    used 2794K, capacity 3022K, committed 3072K, reserved 1048576K
}
Event: 4.473 GC heap after
{Heap after GC invocations=8 (full 1):
 def new generation   total 40000K, used 4415K [0x000000077e000000, 0x0000000780b60000, 0x00000007a9550000)
  eden space 35584K,   0% used [0x000000077e000000, 0x000000077e000000, 0x00000007802c0000)
  from space 4416K,  99% used [0x0000000780710000, 0x0000000780b5fff8, 0x0000000780b60000)
  to   space 4416K,   0% used [0x00000007802c0000, 0x00000007802c0000, 0x0000000780710000)
 tenured generation   total 88768K, used 21399K [0x00000007a9550000, 0x00000007aec00000, 0x0000000800000000)
   the space 88768K,  24% used [0x00000007a9550000, 0x00000007aaa35f78, 0x00000007aaa36000, 0x00000007aec00000)
 Metaspace       used 24214K, capacity 24811K, committed 25088K, reserved 1071104K
  class space    used 2794K, capacity 3022K, committed 3072K, reserved 1048576K
}
Event: 4.758 GC heap before
{Heap before GC invocations=8 (full 1):
 def new generation   total 40000K, used 39999K [0x000000077e000000, 0x0000000780b60000, 0x00000007a9550000)
  eden space 35584K, 100% used [0x000000077e000000, 0x00000007802c0000, 0x00000007802c0000)
  from space 4416K,  99% used [0x0000000780710000, 0x0000000780b5fff8, 0x0000000780b60000)
  to   space 4416K,   0% used [0x00000007802c0000, 0x00000007802c0000, 0x0000000780710000)
 tenured generation   total 88768K, used 21399K [0x00000007a9550000, 0x00000007aec00000, 0x0000000800000000)
   the space 88768K,  24% used [0x00000007a9550000, 0x00000007aaa35f78, 0x00000007aaa36000, 0x00000007aec00000)
 Metaspace       used 24923K, capacity 25612K, committed 25984K, reserved 1073152K
  class space    used 2851K, capacity 3091K, committed 3200K, reserved 1048576K
}
Event: 4.776 GC heap after
{Heap after GC invocations=9 (full 1):
 def new generation   total 40000K, used 4416K [0x000000077e000000, 0x0000000780b60000, 0x00000007a9550000)
  eden space 35584K,   0% used [0x000000077e000000, 0x000000077e000000, 0x00000007802c0000)
  from space 4416K, 100% used [0x00000007802c0000, 0x0000000780710000, 0x0000000780710000)
  to   space 4416K,   0% used [0x0000000780710000, 0x0000000780710000, 0x0000000780b60000)
 tenured generation   total 88768K, used 25911K [0x00000007a9550000, 0x00000007aec00000, 0x0000000800000000)
   the space 88768K,  29% used [0x00000007a9550000, 0x00000007aae9ded0, 0x00000007aae9e000, 0x00000007aec00000)
 Metaspace       used 24923K, capacity 25612K, committed 25984K, reserved 1073152K
  class space    used 2851K, capacity 3091K, committed 3200K, reserved 1048576K
}
Event: 5.634 GC heap before
{Heap before GC invocations=9 (full 1):
 def new generation   total 40000K, used 40000K [0x000000077e000000, 0x0000000780b60000, 0x00000007a9550000)
  eden space 35584K, 100% used [0x000000077e000000, 0x00000007802c0000, 0x00000007802c0000)
  from space 4416K, 100% used [0x00000007802c0000, 0x0000000780710000, 0x0000000780710000)
  to   space 4416K,   0% used [0x0000000780710000, 0x0000000780710000, 0x0000000780b60000)
 tenured generation   total 88768K, used 25911K [0x00000007a9550000, 0x00000007aec00000, 0x0000000800000000)
   the space 88768K,  29% used [0x00000007a9550000, 0x00000007aae9ded0, 0x00000007aae9e000, 0x00000007aec00000)
 Metaspace       used 26898K, capacity 27658K, committed 27904K, reserved 1073152K
  class space    used 3015K, capacity 3276K, committed 3328K, reserved 1048576K
}

